# JRE version: OpenJDK Runtime Environment (8.0_152-b01) (build 1.8.0_152-release-1248-b01)
# Java VM: OpenJDK 64-Bit Server VM (25.152-b01 mixed mode windows-amd64 compressed oops)
Heap:
 PSYoungGen      total 37376K, used 11346K [0x00000000e0000000, 0x00000000e3200000, 0x0000000100000000)
  eden space 30720K, 15% used [0x00000000e0000000,0x00000000e04c9c58,0x00000000e1e00000)
  from space 6656K, 96% used [0x00000000e1e80000,0x00000000e24cac60,0x00000000e2500000)
  to   space 10240K, 0% used [0x00000000e2800000,0x00000000e2800000,0x00000000e3200000)
 ParOldGen       total 47616K, used 9341K [0x00000000a0000000, 0x00000000a2e80000, 0x00000000e0000000)
  object space 47616K, 19% used [0x00000000a0000000,0x00000000a091f630,0x00000000a2e80000)
 Metaspace       used 30777K, capacity 31196K, committed 31408K, reserved 1077248K
  class space    used 4282K, capacity 4455K, committed 4528K, reserved 1048576K
GC Heap History (10 events):
Event: 9.109 GC heap before
{Heap before GC invocations=6 (full 1):
 PSYoungGen      total 37888K, used 5108K [0x00000000e0000000, 0x00000000e3600000, 0x0000000100000000)
  eden space 32768K, 0% used [0x00000000e0000000,0x00000000e0000000,0x00000000e2000000)
  from space 5120K, 99% used [0x00000000e2080000,0x00000000e257d040,0x00000000e2580000)
  to   space 11264K, 0% used [0x00000000e2b00000,0x00000000e2b00000,0x00000000e3600000)
 ParOldGen       total 87552K, used 9543K [0x00000000a0000000, 0x00000000a5580000, 0x00000000e0000000)
  object space 87552K, 10% used [0x00000000a0000000,0x00000000a0951c80,0x00000000a5580000)
 Metaspace       used 20885K, capacity 21270K, committed 21296K, reserved 1067008K
  class space    used 2936K, capacity 3117K, committed 3120K, reserved 1048576K
Event: 9.152 GC heap after
Heap after GC invocations=6 (full 1):
 PSYoungGen      total 37888K, used 0K [0x00000000e0000000, 0x00000000e3600000, 0x0000000100000000)
  eden space 32768K, 0% used [0x00000000e0000000,0x00000000e0000000,0x00000000e2000000)
  from space 5120K, 0% used [0x00000000e2080000,0x00000000e2080000,0x00000000e2580000)
  to   space 11264K, 0% used [0x00000000e2b00000,0x00000000e2b00000,0x00000000e3600000)
 ParOldGen       total 47616K, used 9309K [0x00000000a0000000, 0x00000000a2e80000, 0x00000000e0000000)
  object space 47616K, 19% used [0x00000000a0000000,0x00000000a0917630,0x00000000a2e80000)
 Metaspace       used 20885K, capacity 21270K, committed 21296K, reserved 1067008K
  class space    used 2936K, capacity 3117K, committed 3120K, reserved 1048576K
}
Event: 11.036 GC heap before
{Heap before GC invocations=7 (full 1):
 PSYoungGen      total 37888K, used 32768K [0x00000000e0000000, 0x00000000e3600000, 0x0000000100000000)
  eden space 32768K, 100% used [0x00000000e0000000,0x00000000e2000000,0x00000000e2000000)
  from space 5120K, 0% used [0x00000000e2080000,0x00000000e2080000,0x00000000e2580000)
  to   space 11264K, 0% used [0x00000000e2b00000,0x00000000e2b00000,0x00000000e3600000)
 ParOldGen       total 47616K, used 9309K [0x00000000a0000000, 0x00000000a2e80000, 0x00000000e0000000)
  object space 47616K, 19% used [0x00000000a0000000,0x00000000a0917630,0x00000000a2e80000)
 Metaspace       used 24609K, capacity 25024K, committed 25136K, reserved 1071104K
  class space    used 3384K, capacity 3573K, committed 3632K, reserved 1048576K
Event: 11.039 GC heap after
Heap after GC invocations=7 (full 1):
 PSYoungGen      total 43008K, used 3967K [0x00000000e0000000, 0x00000000e3580000, 0x0000000100000000)
  eden space 32256K, 0% used [0x00000000e0000000,0x00000000e0000000,0x00000000e1f80000)
  from space 10752K, 36% used [0x00000000e2b00000,0x00000000e2edfe08,0x00000000e3580000)
  to   space 11264K, 0% used [0x00000000e1f80000,0x00000000e1f80000,0x00000000e2a80000)
 ParOldGen       total 47616K, used 9317K [0x00000000a0000000, 0x00000000a2e80000, 0x00000000e0000000)
  object space 47616K, 19% used [0x00000000a0000000,0x00000000a0919630,0x00000000a2e80000)
 Metaspace       used 24609K, capacity 25024K, committed 25136K, reserved 1071104K
  class space    used 3384K, capacity 3573K, committed 3632K, reserved 1048576K
}
Event: 12.798 GC heap before
{Heap before GC invocations=8 (full 1):
 PSYoungGen      total 43008K, used 36223K [0x00000000e0000000, 0x00000000e3580000, 0x0000000100000000)
  eden space 32256K, 100% used [0x00000000e0000000,0x00000000e1f80000,0x00000000e1f80000)
  from space 10752K, 36% used [0x00000000e2b00000,0x00000000e2edfe08,0x00000000e3580000)
  to   space 11264K, 0% used [0x00000000e1f80000,0x00000000e1f80000,0x00000000e2a80000)
 ParOldGen       total 47616K, used 9317K [0x00000000a0000000, 0x00000000a2e80000, 0x00000000e0000000)
  object space 47616K, 19% used [0x00000000a0000000,0x00000000a0919630,0x00000000a2e80000)
 Metaspace       used 27155K, capacity 27556K, committed 27824K, reserved 1073152K
  class space    used 3724K, capacity 3904K, committed 4016K, reserved 1048576K
Event: 12.801 GC heap after
Heap after GC invocations=8 (full 1):
 PSYoungGen      total 36864K, used 5031K [0x00000000e0000000, 0x00000000e3400000, 0x0000000100000000)
  eden space 31744K, 0% used [0x00000000e0000000,0x00000000e0000000,0x00000000e1f00000)
  from space 5120K, 98% used [0x00000000e1f80000,0x00000000e2469f88,0x00000000e2480000)
  to   space 10752K, 0% used [0x00000000e2980000,0x00000000e2980000,0x00000000e3400000)
 ParOldGen       total 47616K, used 9325K [0x00000000a0000000, 0x00000000a2e80000, 0x00000000e0000000)
  object space 47616K, 19% used [0x00000000a0000000,0x00000000a091b630,0x00000000a2e80000)
 Metaspace       used 27155K, capacity 27556K, committed 27824K, reserved 1073152K
  class space    used 3724K, capacity 3904K, committed 4016K, reserved 1048576K
}
Event: 14.406 GC heap before
{Heap before GC invocations=9 (full 1):
 PSYoungGen      total 36864K, used 36775K [0x00000000e0000000, 0x00000000e3400000, 0x0000000100000000)
  eden space 31744K, 100% used [0x00000000e0000000,0x00000000e1f00000,0x00000000e1f00000)
  from space 5120K, 98% used [0x00000000e1f80000,0x00000000e2469f88,0x00000000e2480000)
  to   space 10752K, 0% used [0x00000000e2980000,0x00000000e2980000,0x00000000e3400000)
 ParOldGen       total 47616K, used 9325K [0x00000000a0000000, 0x00000000a2e80000, 0x00000000e0000000)
  object space 47616K, 19% used [0x00000000a0000000,0x00000000a091b630,0x00000000a2e80000)
 Metaspace       used 28981K, capacity 29424K, committed 29616K, reserved 1075200K
  class space    used 4034K, capacity 4227K, committed 4272K, reserved 1048576K
Event: 14.410 GC heap after
Heap after GC invocations=9 (full 1):
 PSYoungGen      total 40448K, used 6035K [0x00000000e0000000, 0x00000000e3280000, 0x0000000100000000)
  eden space 31232K, 0% used [0x00000000e0000000,0x00000000e0000000,0x00000000e1e80000)
  from space 9216K, 65% used [0x00000000e2980000,0x00000000e2f64e20,0x00000000e3280000)
  to   space 10240K, 0% used [0x00000000e1e80000,0x00000000e1e80000,0x00000000e2880000)
 ParOldGen       total 47616K, used 9333K [0x00000000a0000000, 0x00000000a2e80000, 0x00000000e0000000)
  object space 47616K, 19% used [0x00000000a0000000,0x00000000a091d630,0x00000000a2e80000)
 Metaspace       used 28981K, capacity 29424K, committed 29616K, reserved 1075200K
  class space    used 4034K, capacity 4227K, committed 4272K, reserved 1048576K
}
Event: 19.877 GC heap before
{Heap before GC invocations=10 (full 1):
 PSYoungGen      total 40448K, used 37267K [0x00000000e0000000, 0x00000000e3280000, 0x0000000100000000)
  eden space 31232K, 100% used [0x00000000e0000000,0x00000000e1e80000,0x00000000e1e80000)
  from space 9216K, 65% used [0x00000000e2980000,0x00000000e2f64e20,0x00000000e3280000)
  to   space 10240K, 0% used [0x00000000e1e80000,0x00000000e1e80000,0x00000000e2880000)
 ParOldGen       total 47616K, used 9333K [0x00000000a0000000, 0x00000000a2e80000, 0x00000000e0000000)
  object space 47616K, 19% used [0x00000000a0000000,0x00000000a091d630,0x00000000a2e80000)
 Metaspace       used 30522K, capacity 30960K, committed 31152K, reserved 1075200K
  class space    used 4244K, capacity 4419K, committed 4528K, reserved 1048576K
Event: 19.881 GC heap after
Heap after GC invocations=10 (full 1):
 PSYoungGen      total 37376K, used 6443K [0x00000000e0000000, 0x00000000e3200000, 0x0000000100000000)
  eden space 30720K, 0% used [0x00000000e0000000,0x00000000e0000000,0x00000000e1e00000)
  from space 6656K, 96% used [0x00000000e1e80000,0x00000000e24cac60,0x00000000e2500000)
  to   space 10240K, 0% used [0x00000000e2800000,0x00000000e2800000,0x00000000e3200000)
 ParOldGen       total 47616K, used 9341K [0x00000000a0000000, 0x00000000a2e80000, 0x00000000e0000000)
  object space 47616K, 19% used [0x00000000a0000000,0x00000000a091f630,0x00000000a2e80000)
 Metaspace       used 30522K, capacity 30960K, committed 31152K, reserved 1075200K
  class space    used 4244K, capacity 4419K, committed 4528K, reserved 1048576K
}

